app/build/outputs/logs/manifest-merger-debug-report.txt
-- Merging decision tree log ---
manifest
ADDED from src\main\AndroidManifest.xml:2:1-50:12
	package
		ADDED from src\main\AndroidManifest.xml:3:5-46
		INJECTED from src\main\AndroidManifest.xml
		INJECTED from src\main\AndroidManifest.xml
	android:versionName
		INJECTED from src\main\AndroidManifest.xml
		INJECTED from src\main\AndroidManifest.xml
	xmlns:android
		ADDED from src\main\AndroidManifest.xml:2:11-69
	android:versionCode
		INJECTED from src\main\AndroidManifest.xml
		INJECTED from src\main\AndroidManifest.xml
uses-feature#android.hardware.camera
ADDED from src\main\AndroidManifest.xml:5:5-7:35
	android:required
		ADDED from src\main\AndroidManifest.xml:7:9-32
	android:name
		ADDED from src\main\AndroidManifest.xml:6:9-47
application
ADDED from src\main\AndroidManifest.xml:9:5-48:19
MERGED from [com.android.support:appcompat-v7:25.0.0] AndroidManifest.xml:25:5-20
MERGED from [com.android.support:support-v4:25.0.0] AndroidManifest.xml:25:5-20
MERGED from [com.android.support:support-fragment:25.0.0] AndroidManifest.xml:25:5-20
MERGED from [com.android.support:support-media-compat:25.0.0] AndroidManifest.xml:25:5-20
MERGED from [com.android.support:support-core-ui:25.0.0] AndroidManifest.xml:25:5-20
MERGED from [com.android.support:support-core-utils:25.0.0] AndroidManifest.xml:25:5-20
MERGED from [com.android.support:animated-vector-drawable:25.0.0] AndroidManifest.xml:22:5-20
MERGED from [com.android.support:support-vector-drawable:25.0.0] AndroidManifest.xml:23:5-20
MERGED from [com.android.support:support-compat:25.0.0] AndroidManifest.xml:25:5-20
MERGED from [com.android.support.constraint:constraint-layout:1.0.1] AndroidManifest.xml:9:5-20
	android:label
		ADDED from src\main\AndroidManifest.xml:12:9-41
	android:supportsRtl
		ADDED from src\main\AndroidManifest.xml:14:9-35
	android:allowBackup
		ADDED from src\main\AndroidManifest.xml:10:9-35
	android:icon
		ADDED from src\main\AndroidManifest.xml:11:9-43
	android:theme
		ADDED from src\main\AndroidManifest.xml:15:9-40
	android:logo
		ADDED from src\main\AndroidManifest.xml:13:9-41
activity#com.teamprobulk.probulk.probulk.MainActivity
ADDED from src\main\AndroidManifest.xml:16:9-24:20
	android:theme
		ADDED from src\main\AndroidManifest.xml:18:13-72
	android:name
		ADDED from src\main\AndroidManifest.xml:17:13-41
intent-filter#android.intent.action.MAIN+android.intent.category.LAUNCHER
ADDED from src\main\AndroidManifest.xml:19:13-23:29
action#android.intent.action.MAIN
ADDED from src\main\AndroidManifest.xml:20:17-69
	android:name
		ADDED from src\main\AndroidManifest.xml:20:25-66
category#android.intent.category.LAUNCHER
ADDED from src\main\AndroidManifest.xml:22:17-77
	android:name
		ADDED from src\main\AndroidManifest.xml:22:27-74
activity#com.teamprobulk.probulk.probulk.AddActivity
ADDED from src\main\AndroidManifest.xml:25:9-28:75
	android:label
		ADDED from src\main\AndroidManifest.xml:27:13-49
	android:theme
		ADDED from src\main\AndroidManifest.xml:28:13-72
	android:name
		ADDED from src\main\AndroidManifest.xml:26:13-40
activity#com.teamprobulk.probulk.probulk.ForecastActivity
ADDED from src\main\AndroidManifest.xml:29:9-32:75
	android:label
		ADDED from src\main\AndroidManifest.xml:31:13-54
	android:theme
		ADDED from src\main\AndroidManifest.xml:32:13-72
	android:name
		ADDED from src\main\AndroidManifest.xml:30:13-45
activity#com.teamprobulk.probulk.probulk.ModActivity
ADDED from src\main\AndroidManifest.xml:35:9-38:75
	android:label
		ADDED from src\main\AndroidManifest.xml:37:13-44
	android:theme
		ADDED from src\main\AndroidManifest.xml:38:13-72
	android:name
		ADDED from src\main\AndroidManifest.xml:36:13-40
activity#com.teamprobulk.probulk.probulk.SaleActivity
ADDED from src\main\AndroidManifest.xml:39:9-42:75
	android:label
		ADDED from src\main\AndroidManifest.xml:41:13-42
	android:theme
		ADDED from src\main\AndroidManifest.xml:42:13-72
	android:name
		ADDED from src\main\AndroidManifest.xml:40:13-41
activity#com.teamprobulk.probulk.probulk.ModSaleActivity
ADDED from src\main\AndroidManifest.xml:43:9-46:75
	android:label
		ADDED from src\main\AndroidManifest.xml:45:13-45
	android:theme
		ADDED from src\main\AndroidManifest.xml:46:13-72
	android:name
		ADDED from src\main\AndroidManifest.xml:44:13-44
activity#com.teamprobulk.probulk.probulk.TableActivity
ADDED from src\main\AndroidManifest.xml:47:9-60
	android:name
		ADDED from src\main\AndroidManifest.xml:47:19-48
uses-sdk
INJECTED from src\main\AndroidManifest.xml reason: use-sdk injection requested
MERGED from [com.android.support:appcompat-v7:25.0.0] AndroidManifest.xml:21:5-23:78
MERGED from [com.android.support:support-v4:25.0.0] AndroidManifest.xml:21:5-23:54
MERGED from [com.android.support:support-fragment:25.0.0] AndroidManifest.xml:21:5-23:60
MERGED from [com.android.support:support-media-compat:25.0.0] AndroidManifest.xml:21:5-23:63
MERGED from [com.android.support:support-core-ui:25.0.0] AndroidManifest.xml:21:5-23:58
MERGED from [com.android.support:support-core-utils:25.0.0] AndroidManifest.xml:21:5-23:61
MERGED from [com.android.support:animated-vector-drawable:25.0.0] AndroidManifest.xml:20:5-44
MERGED from [com.android.support:support-vector-drawable:25.0.0] AndroidManifest.xml:21:5-43
MERGED from [com.android.support:support-compat:25.0.0] AndroidManifest.xml:21:5-23:58
MERGED from [com.android.support.constraint:constraint-layout:1.0.1] AndroidManifest.xml:5:5-7:41
	tools:overrideLibrary
		ADDED from [com.android.support:appcompat-v7:25.0.0] AndroidManifest.xml:23:9-75
	android:targetSdkVersion
		INJECTED from src\main\AndroidManifest.xml
		INJECTED from src\main\AndroidManifest.xml
	android:minSdkVersion
		INJECTED from src\main\AndroidManifest.xml
		INJECTED from src\main\AndroidManifest.xml